<?xml version="1.0" encoding="UTF-8"?>
<testsuites>
    <testsuite name="force.apex" timestamp="2025-10-04T08:35:06.000Z" hostname="https://educaportail7-dev-ed.develop.my.salesforce.com" tests="50" failures="3"  errors="0"  time="7.13">
        <properties>
            <property name="outcome" value="Failed"/>
            <property name="testsRan" value="50"/>
            <property name="passing" value="47"/>
            <property name="failing" value="3"/>
            <property name="skipped" value="0"/>
            <property name="passRate" value="94%"/>
            <property name="failRate" value="6%"/>
            <property name="testStartTime" value="Sat Oct 04 2025 10:35:06 AM"/>
            <property name="testSetupTimeInMs" value="185"/>
            <property name="testExecutionTime" value="7.13 s"/>
            <property name="testTotalTime" value="7.32 s"/>
            <property name="commandTime" value="0.15 s"/>
            <property name="hostname" value="https://educaportail7-dev-ed.develop.my.salesforce.com"/>
            <property name="orgId" value="00DWU00000IjSoz2AF"/>
            <property name="username" value="hafsa@campany.sandbox"/>
            <property name="testRunId" value="707WU00000eNBpu"/>
            <property name="userId" value="005WU00000BVUijYAH"/>
            <property name="coveredLines" value="235"/>
            <property name="testRunCoverage" value="94%"/>
            <property name="orgWideCoverage" value="79%"/>
        </properties>
        <testcase name="testEmptyParams" classname="ContactSearchTest" time="0.02">
        </testcase>
        <testcase name="testValidParams" classname="ContactSearchTest" time="0.39">
        </testcase>
        <testcase name="getAccountById_returnsRecord" classname="AccountSelectorTest" time="0.04">
        </testcase>
        <testcase name="getAccountById_throwsWhenNoRows" classname="AccountSelectorTest" time="0.03">
        </testcase>
        <testcase name="returnsContactsAndLeadsWhenFound" classname="ContactAndLeadSearchTest" time="0.46">
        </testcase>
        <testcase name="returnsEmptyListWhenKeyBlank" classname="ContactAndLeadSearchTest" time="0.01">
        </testcase>
        <testcase name="returnsEmptySubListsWhenNoMatch" classname="ContactAndLeadSearchTest" time="0.02">
        </testcase>
        <testcase name="testCreateTestAccount" classname="TestUtilsTest" time="0.10">
        </testcase>
        <testcase name="testInsertInvalidName" classname="TestRestrictContactByName" time="0.06">
        </testcase>
        <testcase name="testInsertValidName" classname="TestRestrictContactByName" time="0.19">
        </testcase>
        <testcase name="testUpdateToInvalidName" classname="TestRestrictContactByName" time="0.17">
        </testcase>
        <testcase name="testUpdateValidName" classname="TestRestrictContactByName" time="0.17">
        </testcase>
        <testcase name="testNoDuplicateOnReupdate" classname="ClosedOpportunityTriggerTest" time="0.34">
        </testcase>
        <testcase name="testTaskCreatedOnInsert" classname="ClosedOpportunityTriggerTest" time="0.09">
        </testcase>
        <testcase name="testMatchOnInsert" classname="AccountAddressTriggerTest" time="0.15">
        </testcase>
        <testcase name="testMatchOnUpdate" classname="AccountAddressTriggerTest" time="0.11">
        </testcase>
        <testcase name="testNoMatchIfUnchecked" classname="AccountAddressTriggerTest" time="0.09">
        </testcase>
        <testcase name="testCreateTrip" classname="TestTripController" time="0.26">
        </testcase>
        <testcase name="testGetAllTrips" classname="TestTripController" time="0.01">
        </testcase>
        <testcase name="insertsAndReturnsAccount" classname="AccountHandlerTest" time="0.23">
        </testcase>
        <testcase name="returnsNullOnDmlException" classname="AccountHandlerTest" time="0.03">
        </testcase>
        <testcase name="returnsNullWhenNameBlank" classname="AccountHandlerTest" time="0.01">
        </testcase>
        <testcase name="testGetCurrentUserProfileName" classname="RetrieveUserProfileTest" time="0.05">
        </testcase>
        <testcase name="testGenerateMultiple" classname="TestRandomContactFactory" time="0.02">
        </testcase>
        <testcase name="testGenerateZero" classname="TestRandomContactFactory" time="0.01">
        </testcase>
        <testcase name="testGetProducts" classname="RetrieveOpportunityProductsTest" time="0.34">
        </testcase>
        <testcase name="createReadUpdateDeleteTrips" classname="TripServiceTest" time="1.33">
        </testcase>
        <testcase name="validationDatesAndRevenue" classname="TripServiceTest" time="0.41">
        </testcase>
        <testcase name="testCalculMontantAvecZero" classname="CalculMontantTest" time="0.44">
        </testcase>
        <testcase name="before_insert_and_update_sets_netamount" classname="CalculMontantTriggerTest" time="0.13">
        </testcase>
        <testcase name="afterUpdateReparentRollup" classname="TripTriggerHandlerTests" time="0.40">
        </testcase>
        <testcase name="testUpdateShippingInfo" classname="OrderServiceTest" time="0.03">
        </testcase>
        <testcase name="testUpdateShippingInfo_Null" classname="OrderServiceTest" time="0.01">
        </testcase>
        <testcase name="testValidateOrder_Client" classname="OrderServiceTest" time="0.18">
        </testcase>
        <testcase name="testValidateOrder_NotClient" classname="OrderServiceTest" time="0.09">
        </testcase>
        <testcase name="sum_all_and_activated" classname="MyTeamOrdersControllerTest" time="0.29">
            <failure message="System.AssertException: Assertion Failed: Somme totale attendue : 170: Expected: 170, Actual: 0.0"><![CDATA[Class.MyTeamOrdersControllerTest.sum_all_and_activated: line 20, column 1]]></failure>
        </testcase>
        <testcase name="testBeforeDate1" classname="TestVerifyDate" time="0.02">
        </testcase>
        <testcase name="testBeyond30Days" classname="TestVerifyDate" time="0.01">
        </testcase>
        <testcase name="testExactly30Days" classname="TestVerifyDate" time="0.01">
        </testcase>
        <testcase name="testWithin30Days" classname="TestVerifyDate" time="0.01">
        </testcase>
        <testcase name="bulk_update_sets_revenue" classname="UpdateAllAccountsTest" time="0.35">
            <failure message="System.AssertException: Assertion Failed: AnnualRevenue doit égaler la somme des NetAmount__c: Expected: 120, Actual: 0"><![CDATA[Class.UpdateAllAccountsTest.bulk_update_sets_revenue: line 19, column 1]]></failure>
        </testcase>
        <testcase name="recalc_sets_annual_revenue" classname="UpdateAccountCAHandlerTest" time="0.36">
            <failure message="System.AssertException: Assertion Failed: AnnualRevenue doit égaler la somme des NetAmount__c: Expected: 120, Actual: 0"><![CDATA[Class.UpdateAccountCAHandlerTest.recalc_sets_annual_revenue: line 19, column 1]]></failure>
        </testcase>
        <testcase name="testSendMail" classname="EmailManagerTest" time="0.15">
        </testcase>
        <testcase name="testUnBrouillonParClient" classname="CommandeTriggerHandlerTest" time="0.15">
        </testcase>
        <testcase name="testGenerateStringList" classname="StringListTestTest" time="0.02">
        </testcase>
        <testcase name="basicTest" classname="SampleTest" time="0.02">
        </testcase>
        <testcase name="testGetOpportunityData" classname="OpportunityControllerTest" time="0.12">
        </testcase>
        <testcase name="testGetUserProfile" classname="OpportunityControllerTest" time="0.02">
        </testcase>
        <testcase name="testGetAvailableTransportersAndBest" classname="TransporterSelectorTest" time="0.05">
        </testcase>
    </testsuite>
</testsuites>
